Arguments: 
  /usr/local/Cellar/node/14.12.0/bin/node /Users/bianca/.npm-global/bin/yarn add @tarojs/mini-runner --silent --no-progress

PATH: 
  /usr/local/lib/node_modules/npm/node_modules/npm-lifecycle/node-gyp-bin:/Users/bianca/Documents/GitHub/info-platform/node_modules/.bin:/usr/local/lib/node_modules/npm/node_modules/npm-lifecycle/node-gyp-bin:/Users/bianca/Documents/GitHub/info-platform/node_modules/.bin:/Users/bianca/.npm-global/bin:/Library/Frameworks/Python.framework/Versions/3.8/bin:/usr/local/bin:/usr/bin:/bin:/usr/sbin:/sbin:/Applications/VMware Fusion.app/Contents/Public:/Library/TeX/texbin:/usr/local/share/dotnet:~/.dotnet/tools:/Library/Apple/usr/bin:/Library/Frameworks/Mono.framework/Versions/Current/Commands:/Users/bianca/.npm-global/bin:/Library/Frameworks/Python.framework/Versions/3.8/bin

Yarn version: 
  1.22.10

Node version: 
  14.12.0

Platform: 
  darwin x64

Trace: 
  Error: getaddrinfo ENOTFOUND r.cnpmjs.org
      at GetAddrInfoReqWrap.onlookup [as oncomplete] (dns.js:67:26)

npm manifest: 
  {
    "name": "my-taro",
    "version": "1.0.0",
    "private": true,
    "description": " my",
    "templateInfo": {
      "name": "vuex",
      "typescript": true,
      "css": "sass"
    },
    "scripts": {
      "build:weapp": "taro build --type weapp",
      "build:swan": "taro build --type swan",
      "build:alipay": "taro build --type alipay",
      "build:tt": "taro build --type tt",
      "build:h5": "taro build --type h5",
      "build:rn": "taro build --type rn",
      "build:qq": "taro build --type qq",
      "build:quickapp": "taro build --type quickapp",
      "dev": "npm run build:weapp -- --watch",
      "dev:weapp:pro": "npm run build:weapp -- --watch  --env production",
      "dev:swan": "npm run build:swan -- --watch",
      "dev:alipay": "npm run build:alipay -- --watch",
      "dev:tt": "npm run build:tt -- --watch",
      "dev:h5": "npm run build:h5 -- --watch",
      "dev:rn": "npm run build:rn -- --watch",
      "dev:qq": "npm run build:qq -- --watch",
      "dev:quickapp": "npm run build:quickapp -- --watch"
    },
    "browserslist": [
      "last 3 versions",
      "Android >= 4.1",
      "ios >= 8"
    ],
    "author": "",
    "license": "MIT",
    "dependencies": {
      "@babel/runtime": "^7.7.7",
      "@tarojs/components": "3.0.17",
      "@tarojs/runtime": "3.0.17",
      "@tarojs/taro": "3.0.17",
      "taro-ui-vue": "^1.0.0-alpha.12",
      "vue": "^2.5.0",
      "vue-property-decorator": "^9.1.2",
      "vue-template-compiler": "^2.5.0",
      "vuex": "^3.0.0"
    },
    "devDependencies": {
      "@types/webpack-env": "^1.13.6",
      "@tarojs/mini-runner": "3.0.17",
      "@tarojs/webpack-runner": "3.0.17",
      "@babel/core": "^7.8.0",
      "babel-preset-taro": "3.0.17",
      "vue-loader": "^15.9.2",
      "eslint-plugin-vue": "^6.x",
      "eslint-config-taro": "3.0.17",
      "eslint": "^6.8.0",
      "stylelint": "9.3.0",
      "@typescript-eslint/parser": "^2.x",
      "@typescript-eslint/eslint-plugin": "^2.x",
      "typescript": "^3.7.0"
    }
  }

yarn manifest: 
  No manifest

Lockfile: 
  No lockfile
